<?xml version="1.0" encoding="UTF-8"?>
<testsuite name="com.test.UnitTest" tests="1" skipped="0" failures="0" errors="0" timestamp="2020-03-09T18:55:53" hostname="I-DZMITRYIENKA" time="0.005">
  <properties/>
  <testcase name="test" classname="com.test.UnitTest" time="0.005"/>
  <system-out><![CDATA[test
]]></system-out>
  <system-err><![CDATA[]]></system-err>
</testsuite>
